SF:lib/features/zibzo/presentation/signin/screen/sign_in_screen.dart
DA:26,1
DA:31,1
DA:33,2
DA:35,0
DA:36,0
DA:37,0
DA:38,0
DA:39,0
DA:40,0
DA:41,0
DA:42,0
DA:43,0
DA:44,0
DA:45,0
DA:48,0
DA:49,0
DA:54,0
DA:55,0
DA:57,0
DA:58,0
DA:59,0
DA:62,0
DA:63,0
DA:64,0
DA:80,0
DA:82,0
DA:84,0
DA:92,0
DA:94,0
DA:96,0
DA:105,0
DA:107,0
DA:108,0
DA:109,0
DA:110,0
DA:111,0
DA:112,0
DA:113,0
DA:114,0
DA:120,0
DA:123,0
DA:124,0
DA:125,0
DA:126,0
DA:131,0
LF:45
LH:3
end_of_record
SF:lib/core/constant/constant.dart
DA:3,0
DA:4,0
DA:6,0
DA:8,0
DA:10,0
DA:12,0
DA:14,0
DA:16,0
DA:18,0
DA:20,0
LF:10
LH:0
end_of_record
SF:lib/core/failure/failure.dart
DA:6,1
DA:7,0
DA:8,0
DA:13,0
DA:14,0
DA:18,1
DA:22,0
LF:7
LH:2
end_of_record
SF:lib/core/network_info/network_info.dart
DA:10,0
DA:12,0
DA:13,0
LF:3
LH:0
end_of_record
SF:lib/core/routes/app_routes.dart
DA:9,0
DA:10,0
DA:11,0
DA:12,0
DA:14,0
DA:15,0
DA:18,0
DA:20,0
DA:21,0
LF:9
LH:0
end_of_record
SF:lib/features/zibzo/presentation/signup/pages/signup_view.dart
DA:22,0
DA:36,0
DA:38,0
DA:40,0
DA:41,0
DA:42,0
DA:43,0
DA:44,0
DA:45,0
DA:46,0
DA:48,0
DA:49,0
DA:50,0
DA:51,0
DA:54,0
DA:55,0
DA:56,0
DA:61,0
DA:62,0
DA:65,0
DA:66,0
DA:67,0
DA:70,0
DA:71,0
DA:72,0
DA:86,0
DA:87,0
DA:88,0
DA:96,0
DA:97,0
DA:98,0
DA:106,0
DA:107,0
DA:108,0
DA:116,0
DA:117,0
DA:118,0
DA:127,0
DA:128,0
DA:129,0
DA:134,0
DA:135,0
DA:136,0
DA:137,0
DA:141,0
DA:142,0
DA:143,0
DA:144,0
DA:145,0
DA:146,0
DA:156,0
DA:157,0
DA:158,0
DA:159,0
DA:160,0
DA:165,0
DA:166,0
DA:175,0
DA:176,0
DA:177,0
DA:182,0
DA:183,0
DA:184,0
DA:185,0
DA:186,0
DA:190,0
DA:191,0
DA:193,0
DA:194,0
DA:195,0
DA:196,0
LF:71
LH:0
end_of_record
SF:lib/core/secure_storage/app_secure_storage.dart
DA:13,0
DA:15,0
DA:18,0
DA:20,0
DA:23,0
DA:25,0
LF:6
LH:0
end_of_record
SF:lib/core/service/service_locator.dart
DA:14,3
DA:16,0
DA:17,0
DA:18,0
DA:21,0
DA:22,0
DA:25,0
DA:26,0
DA:29,0
DA:30,0
DA:34,0
DA:35,0
DA:37,0
DA:38,0
DA:39,0
DA:42,0
DA:43,0
LF:17
LH:1
end_of_record
SF:lib/features/zibzo/data/datasources/auth/remote/user_remote_data_sources.dart
DA:21,0
DA:23,0
DA:25,0
DA:26,0
DA:27,0
DA:28,0
DA:29,0
DA:30,0
DA:32,0
DA:33,0
DA:35,0
DA:39,0
DA:41,0
DA:42,0
DA:43,0
DA:44,0
DA:45,0
DA:47,0
DA:49,0
LF:19
LH:0
end_of_record
SF:lib/features/zibzo/data/repositories/auth/user_repositories.dart
DA:15,0
DA:18,0
DA:20,0
DA:22,0
DA:24,0
DA:25,0
DA:32,0
DA:33,0
DA:35,0
DA:36,0
DA:37,0
DA:38,0
LF:12
LH:0
end_of_record
SF:lib/features/zibzo/domain/usecases/signin/signin_usecase.dart
DA:9,0
DA:12,0
DA:13,0
DA:20,0
LF:4
LH:0
end_of_record
SF:lib/features/zibzo/domain/usecases/signup/signup_usecase.dart
DA:8,0
DA:10,0
DA:12,0
DA:21,0
LF:4
LH:0
end_of_record
SF:lib/features/zibzo/presentation/signin/bloc/signin_bloc.dart
DA:9,0
DA:10,0
DA:13,0
DA:16,0
DA:17,0
DA:18,0
DA:20,0
DA:21,0
DA:22,0
DA:24,0
DA:27,0
LF:11
LH:0
end_of_record
SF:lib/features/zibzo/presentation/signup/bloc/signup/signup_event.dart
DA:4,0
DA:6,0
DA:7,0
DA:12,0
DA:16,0
DA:17,0
LF:6
LH:0
end_of_record
SF:lib/features/zibzo/presentation/signup/bloc/signup/signup_bloc.dart
DA:14,0
DA:15,0
DA:18,0
DA:20,0
DA:21,0
DA:22,0
DA:23,0
DA:24,0
DA:25,0
DA:27,0
DA:29,0
DA:30,0
DA:31,0
LF:13
LH:0
end_of_record
SF:lib/core/usecase/usecase.dart
DA:10,0
DA:11,0
LF:2
LH:0
end_of_record
SF:lib/core/validation/validation.dart
DA:2,0
DA:3,0
DA:5,0
DA:8,0
DA:9,0
DA:15,0
DA:16,0
DA:20,0
DA:21,0
DA:27,0
DA:28,0
DA:30,0
LF:12
LH:0
end_of_record
SF:lib/features/zibzo/data/models/auth/user_model.dart
DA:5,0
DA:7,0
DA:16,0
DA:22,0
DA:29,0
DA:30,0
DA:31,0
DA:32,0
DA:33,0
DA:34,0
DA:35,0
DA:39,0
DA:40,0
DA:41,0
DA:42,0
DA:43,0
DA:44,0
DA:45,0
LF:18
LH:0
end_of_record
SF:lib/features/zibzo/domain/entities/signup/user.dart
DA:10,0
DA:19,0
DA:20,0
DA:21,0
DA:22,0
DA:23,0
DA:24,0
LF:7
LH:0
end_of_record
SF:lib/features/zibzo/presentation/signin/bloc/signin_event.dart
DA:10,0
DA:13,0
DA:14,0
LF:3
LH:0
end_of_record
SF:lib/features/zibzo/presentation/signin/bloc/signin_state.dart
DA:8,0
DA:9,0
DA:13,0
DA:14,0
DA:19,0
DA:20,0
DA:21,0
DA:26,0
DA:30,0
DA:31,0
LF:10
LH:0
end_of_record
SF:lib/features/zibzo/presentation/signup/widgets/app_logo_widget.dart
DA:6,0
DA:8,0
DA:10,0
DA:11,0
DA:12,0
DA:13,0
LF:6
LH:0
end_of_record
SF:lib/features/zibzo/presentation/signup/widgets/attributes/app_logo_widget_attributes.dart
DA:5,0
LF:1
LH:0
end_of_record
SF:lib/features/zibzo/presentation/signup/widgets/attributes/text_form_button_attributes.dart
DA:13,0
LF:1
LH:0
end_of_record
SF:lib/features/zibzo/presentation/signup/widgets/attributes/text_input_form_field_attributes.dart
DA:16,0
LF:1
LH:0
end_of_record
SF:lib/features/zibzo/presentation/signup/widgets/custom_container_gradient.dart
DA:9,2
DA:16,0
DA:18,0
DA:19,0
DA:20,0
DA:21,0
DA:22,0
DA:23,0
DA:24,0
LF:9
LH:1
end_of_record
SF:lib/features/zibzo/presentation/signup/widgets/input_form_button.dart
DA:6,0
DA:7,0
DA:9,0
DA:10,0
DA:11,0
DA:12,0
DA:14,0
DA:15,0
DA:16,0
DA:17,0
DA:18,0
DA:20,0
DA:23,0
DA:24,0
DA:25,0
DA:26,0
DA:28,0
LF:17
LH:0
end_of_record
SF:lib/features/zibzo/presentation/signup/widgets/text_input_form_field.dart
DA:9,0
DA:11,0
DA:12,0
DA:16,0
DA:18,0
DA:19,0
DA:20,0
DA:21,0
DA:22,0
DA:23,0
DA:25,0
DA:26,0
DA:27,0
DA:28,0
DA:30,0
DA:31,0
DA:32,0
DA:34,0
DA:35,0
DA:36,0
DA:37,0
DA:41,0
DA:42,0
DA:48,0
DA:49,0
LF:25
LH:0
end_of_record
SF:lib/features/zibzo/presentation/signup/bloc/signup/signup_state.dart
DA:6,0
DA:7,0
DA:11,0
DA:12,0
DA:16,0
DA:17,0
DA:18,0
DA:23,0
DA:24,0
DA:25,0
DA:29,0
DA:30,0
LF:12
LH:0
end_of_record
