SF:lib/features/zibzo/domain/usecases/signin/signin_usecase.dart
DA:10,0
DA:14,0
DA:16,0
DA:23,1
LF:4
LH:1
end_of_record
SF:lib/features/zibzo/data/models/auth/user_model.dart
DA:14,2
DA:20,1
DA:27,1
DA:28,1
DA:29,0
LF:5
LH:4
end_of_record
SF:lib/features/zibzo/data/models/auth/user_model.g.dart
DA:9,2
DA:10,1
DA:11,1
DA:12,1
DA:13,1
DA:14,1
DA:17,0
DA:18,0
DA:19,0
DA:20,0
DA:21,0
DA:22,0
LF:12
LH:6
end_of_record
SF:lib/features/zibzo/domain/entities/signup/user.dart
DA:9,2
DA:17,0
DA:18,0
DA:19,0
DA:20,0
DA:21,0
LF:6
LH:1
end_of_record
SF:lib/features/zibzo/domain/usecases/signup/signup_usecase.dart
DA:9,0
DA:11,0
DA:13,0
DA:22,1
LF:4
LH:1
end_of_record
SF:lib/core/failure/failure.dart
DA:6,2
DA:7,1
DA:8,3
DA:13,1
DA:14,1
DA:18,1
DA:22,0
LF:7
LH:6
end_of_record
SF:lib/features/zibzo/data/datasources/auth/remote/user_remote_data_sources.dart
DA:19,1
DA:20,1
DA:22,1
DA:24,1
DA:28,3
DA:29,3
DA:30,3
DA:33,1
DA:34,3
DA:36,2
DA:41,1
DA:42,1
DA:44,2
DA:45,0
DA:47,3
DA:51,1
DA:53,2
DA:54,1
DA:55,3
DA:56,2
DA:57,3
DA:59,2
DA:60,3
LF:23
LH:22
end_of_record
SF:lib/core/network_info/network_info.dart
DA:10,0
DA:12,0
DA:13,0
LF:3
LH:0
end_of_record
SF:lib/core/secure_storage/app_secure_storage.dart
DA:15,0
DA:18,0
DA:21,0
DA:23,0
DA:26,0
DA:28,0
DA:31,0
DA:33,0
LF:8
LH:0
end_of_record
SF:lib/core/service/service_locator.dart
DA:34,0
DA:36,0
DA:37,0
DA:38,0
DA:41,0
DA:42,0
DA:44,0
DA:45,0
DA:48,0
DA:49,0
DA:51,0
DA:52,0
DA:54,0
DA:55,0
DA:57,0
DA:58,0
DA:61,0
DA:62,0
DA:63,0
DA:64,0
DA:65,0
DA:66,0
DA:67,0
DA:68,0
DA:69,0
DA:70,0
DA:73,0
DA:74,0
DA:75,0
DA:76,0
DA:79,0
DA:80,0
DA:81,0
DA:82,0
DA:86,0
DA:87,0
DA:88,0
DA:89,0
DA:92,0
DA:93,0
DA:94,0
DA:95,0
DA:100,0
DA:101,0
DA:103,0
DA:104,0
DA:106,0
DA:107,0
DA:109,0
DA:110,0
DA:113,0
DA:114,0
DA:115,0
DA:118,0
DA:119,0
LF:55
LH:0
end_of_record
SF:lib/features/zibzo/data/datasources/cart/cart_remote_data_source.dart
DA:24,0
DA:27,0
DA:30,0
DA:31,0
DA:34,0
DA:36,0
DA:37,0
DA:39,0
DA:40,0
DA:41,0
DA:43,0
DA:45,0
DA:49,0
DA:52,0
DA:53,0
DA:55,0
DA:56,0
DA:57,0
DA:59,0
DA:60,0
DA:62,0
DA:63,0
DA:67,0
DA:70,0
DA:71,0
DA:74,0
DA:76,0
DA:77,0
DA:79,0
DA:81,0
DA:82,0
DA:84,0
DA:85,0
LF:33
LH:0
end_of_record
SF:lib/features/zibzo/data/datasources/category_products_data_source/category_prod_remote_data_source.dart
DA:16,0
DA:20,0
DA:23,0
DA:24,0
DA:25,0
DA:27,0
DA:30,0
DA:32,0
DA:33,0
DA:34,0
DA:36,0
DA:37,0
LF:12
LH:0
end_of_record
SF:lib/features/zibzo/data/datasources/products/product_remote_data_source.dart
DA:16,0
DA:20,0
DA:23,0
DA:24,0
DA:26,0
DA:27,0
DA:29,0
DA:32,0
DA:34,0
DA:35,0
DA:37,0
DA:38,0
LF:12
LH:0
end_of_record
SF:lib/features/zibzo/data/repositories/auth/user_repositories.dart
DA:16,0
DA:19,0
DA:21,0
DA:23,0
DA:25,0
DA:26,0
DA:27,0
DA:28,0
DA:35,0
DA:37,0
DA:39,0
DA:40,0
DA:41,0
DA:42,0
DA:43,0
DA:44,0
LF:16
LH:0
end_of_record
SF:lib/features/zibzo/data/repositories/cart/cart_repository_impl.dart
DA:18,0
DA:23,0
DA:25,0
DA:27,0
DA:28,0
DA:29,0
DA:30,0
DA:31,0
DA:32,0
DA:35,0
DA:39,0
DA:41,0
DA:43,0
DA:44,0
DA:45,0
DA:46,0
DA:47,0
DA:48,0
DA:51,0
DA:55,0
DA:57,0
DA:59,0
DA:60,0
DA:61,0
DA:62,0
DA:63,0
DA:64,0
DA:67,0
LF:28
LH:0
end_of_record
SF:lib/features/zibzo/data/repositories/category_products/category_products_repository_impl.dart
DA:15,0
DA:18,0
DA:21,0
DA:23,0
DA:24,0
DA:25,0
DA:26,0
DA:27,0
DA:28,0
DA:31,0
LF:10
LH:0
end_of_record
SF:lib/features/zibzo/data/repositories/product/product_repositories.dart
DA:16,0
DA:18,0
DA:20,0
DA:22,0
DA:23,0
DA:24,0
DA:25,0
DA:26,0
DA:27,0
DA:30,0
LF:10
LH:0
end_of_record
SF:lib/features/zibzo/domain/usecases/cart/add_cart_usecase.dart
DA:9,0
DA:10,0
DA:12,0
DA:19,0
LF:4
LH:0
end_of_record
SF:lib/features/zibzo/domain/usecases/cart/delete_cart_usecase.dart
DA:9,0
DA:10,0
DA:12,0
DA:19,0
LF:4
LH:0
end_of_record
SF:lib/features/zibzo/domain/usecases/cart/get_cart_usecase.dart
DA:9,0
DA:10,0
DA:12,0
LF:3
LH:0
end_of_record
SF:lib/features/zibzo/domain/usecases/category_products/category_products_use_case.dart
DA:8,0
DA:10,0
DA:12,0
LF:3
LH:0
end_of_record
SF:lib/features/zibzo/domain/usecases/home_page/product_use_case.dart
DA:8,0
DA:10,0
DA:12,0
DA:19,0
LF:4
LH:0
end_of_record
SF:lib/features/zibzo/domain/usecases/shared_preferences/shared_preferences_usecase.dart
DA:6,0
DA:8,0
DA:9,0
DA:16,0
DA:18,0
DA:19,0
DA:26,0
DA:28,0
DA:29,0
LF:9
LH:0
end_of_record
SF:lib/features/zibzo/presentation/cart/bloc/bloc/cart_state.dart
DA:4,0
DA:6,0
DA:7,0
DA:19,0
DA:21,0
DA:22,0
DA:28,0
DA:30,0
DA:31,0
LF:9
LH:0
end_of_record
SF:lib/features/zibzo/presentation/cart/bloc/bloc/cart_event.dart
DA:4,0
DA:8,0
DA:13,0
LF:3
LH:0
end_of_record
SF:lib/features/zibzo/presentation/cart/bloc/bloc/cart_bloc.dart
DA:14,0
DA:15,0
DA:16,0
DA:19,0
DA:21,0
DA:22,0
DA:23,0
DA:24,0
DA:25,0
DA:26,0
DA:28,0
DA:29,0
DA:33,0
DA:36,0
DA:38,0
DA:39,0
DA:40,0
DA:41,0
DA:42,0
DA:44,0
DA:45,0
DA:46,0
LF:22
LH:0
end_of_record
SF:lib/features/zibzo/presentation/category_products/bloc/bloc/category_product_bloc.dart
DA:13,0
DA:14,0
DA:16,0
DA:17,0
DA:18,0
DA:19,0
DA:20,0
DA:21,0
DA:23,0
DA:24,0
LF:10
LH:0
end_of_record
SF:lib/features/zibzo/presentation/category_products/bloc/bloc/category_product_state.dart
DA:4,0
DA:6,0
DA:7,0
DA:17,0
DA:23,0
LF:5
LH:0
end_of_record
SF:lib/features/zibzo/presentation/category_products/bloc/bloc/category_product_event.dart
DA:5,0
DA:7,0
DA:8,0
LF:3
LH:0
end_of_record
SF:lib/features/zibzo/presentation/home_screen/bloc/product_state.dart
DA:4,0
DA:6,0
DA:7,0
DA:11,0
DA:12,0
DA:13,0
DA:20,0
DA:26,0
DA:27,0
DA:28,0
LF:10
LH:0
end_of_record
SF:lib/features/zibzo/presentation/home_screen/bloc/product_bloc.dart
DA:13,0
DA:14,0
DA:16,0
DA:19,0
DA:20,0
DA:21,0
DA:22,0
DA:23,0
DA:24,0
DA:25,0
DA:27,0
DA:28,0
LF:12
LH:0
end_of_record
SF:lib/features/zibzo/presentation/home_screen/bloc/product_event.dart
DA:4,0
DA:8,0
LF:2
LH:0
end_of_record
SF:lib/features/zibzo/presentation/home_screen/cubit/add_cart/add_cart_cubit.dart
DA:13,0
DA:15,0
DA:17,0
DA:18,0
DA:20,0
DA:22,0
DA:23,0
DA:24,0
DA:25,0
DA:28,0
DA:29,0
DA:30,0
DA:31,0
DA:34,0
DA:35,0
DA:36,0
DA:41,0
DA:42,0
DA:45,0
DA:46,0
LF:20
LH:0
end_of_record
SF:lib/features/zibzo/presentation/home_screen/cubit/add_cart/add_cart_state.dart
DA:4,0
DA:6,0
DA:7,0
DA:17,0
DA:19,0
DA:20,0
DA:26,0
DA:28,0
DA:29,0
LF:9
LH:0
end_of_record
SF:lib/features/zibzo/presentation/shared_preferences/cubit/shared_preferences_cubit.dart
DA:10,0
DA:12,0
DA:14,0
DA:15,0
DA:17,0
DA:19,0
DA:23,0
DA:24,0
DA:25,0
DA:28,0
DA:29,0
DA:30,0
LF:12
LH:0
end_of_record
SF:lib/features/zibzo/presentation/signin/bloc/signin_bloc.dart
DA:9,0
DA:10,0
DA:13,0
DA:16,0
DA:17,0
DA:18,0
DA:19,0
DA:20,0
DA:21,0
DA:23,0
DA:24,0
LF:11
LH:0
end_of_record
SF:lib/features/zibzo/presentation/signup/bloc/signup_event.dart
DA:4,0
DA:9,0
LF:2
LH:0
end_of_record
SF:lib/features/zibzo/presentation/signup/bloc/signup_bloc.dart
DA:11,0
DA:12,0
DA:15,0
DA:17,0
DA:18,0
DA:20,0
DA:21,0
DA:22,0
DA:23,0
DA:25,0
DA:26,0
LF:11
LH:0
end_of_record
SF:lib/features/zibzo/data/models/cart/cart_count_model.dart
DA:4,0
DA:6,0
DA:8,0
DA:9,0
DA:10,0
LF:5
LH:0
end_of_record
SF:lib/features/zibzo/data/models/cart/cart_response_model.dart
DA:5,0
DA:8,0
DA:13,0
DA:14,0
DA:15,0
DA:16,0
DA:17,0
DA:18,0
LF:8
LH:0
end_of_record
SF:lib/features/zibzo/data/models/products/product_model.dart
DA:4,0
DA:12,0
DA:23,0
DA:24,0
DA:25,0
DA:26,0
DA:27,0
DA:28,0
DA:29,0
DA:30,0
DA:31,0
DA:36,0
DA:37,0
DA:38,0
DA:39,0
DA:40,0
DA:41,0
DA:42,0
DA:43,0
DA:44,0
LF:20
LH:0
end_of_record
SF:lib/features/zibzo/data/models/products/product_response_model.dart
DA:9,0
DA:10,0
DA:12,0
DA:13,0
DA:16,0
DA:22,0
DA:30,0
DA:31,0
DA:32,0
DA:33,0
DA:34,0
DA:35,0
DA:36,0
DA:37,0
DA:38,0
DA:39,0
DA:40,0
DA:44,0
DA:45,0
DA:46,0
DA:47,0
DA:48,0
DA:49,0
DA:50,0
DA:51,0
DA:52,0
DA:53,0
DA:54,0
LF:28
LH:0
end_of_record
SF:lib/features/zibzo/domain/entities/cart/cart_count_entity.dart
DA:3,0
LF:1
LH:0
end_of_record
SF:lib/features/zibzo/domain/entities/cart/cart_response_entity.dart
DA:7,0
LF:1
LH:0
end_of_record
SF:lib/features/zibzo/data/models/products/category_model.dart
DA:4,0
DA:8,0
DA:15,0
DA:16,0
DA:17,0
DA:18,0
DA:19,0
DA:24,0
DA:25,0
DA:26,0
DA:27,0
DA:28,0
LF:12
LH:0
end_of_record
SF:lib/features/zibzo/domain/entities/home/category_entity.dart
DA:5,0
LF:1
LH:0
end_of_record
SF:lib/features/zibzo/data/models/products/home_banner_model.dart
DA:4,0
DA:8,0
DA:15,0
DA:16,0
DA:17,0
DA:18,0
DA:19,0
DA:24,0
DA:25,0
DA:26,0
DA:27,0
DA:28,0
LF:12
LH:0
end_of_record
SF:lib/features/zibzo/domain/entities/home/home_banner_entity.dart
DA:5,0
LF:1
LH:0
end_of_record
SF:lib/features/zibzo/data/models/products/offer_banner_model.dart
DA:4,0
DA:8,0
DA:15,0
DA:16,0
DA:17,0
DA:18,0
DA:19,0
DA:24,0
DA:25,0
DA:26,0
DA:27,0
DA:28,0
LF:12
LH:0
end_of_record
SF:lib/features/zibzo/domain/entities/home/offer_banner_entity.dart
DA:5,0
LF:1
LH:0
end_of_record
SF:lib/features/zibzo/domain/entities/home/home_products_entity.dart
DA:12,0
DA:22,0
DA:23,0
LF:3
LH:0
end_of_record
SF:lib/features/zibzo/domain/entities/home/home_response_entity.dart
DA:14,0
LF:1
LH:0
end_of_record
SF:lib/features/zibzo/presentation/shared_preferences/cubit/shared_preferences_state.dart
DA:4,0
DA:6,0
DA:7,0
DA:11,0
DA:13,0
DA:14,0
DA:18,0
DA:20,0
DA:21,0
LF:9
LH:0
end_of_record
SF:lib/features/zibzo/presentation/signin/bloc/signin_event.dart
DA:7,0
LF:1
LH:0
end_of_record
SF:lib/features/zibzo/presentation/signin/bloc/signin_state.dart
DA:8,0
DA:9,0
DA:13,0
DA:14,0
DA:19,0
DA:20,0
DA:21,0
DA:26,0
DA:30,0
DA:31,0
LF:10
LH:0
end_of_record
SF:lib/features/zibzo/presentation/signup/bloc/signup_state.dart
DA:6,0
DA:7,0
DA:11,0
DA:12,0
DA:16,0
DA:17,0
DA:18,0
DA:23,0
DA:24,0
DA:25,0
DA:29,0
DA:30,0
LF:12
LH:0
end_of_record
